info it worked if it ends with ok
verbose cli [ 'node', '/usr/bin/npm', 'install', '-g' ]
info using npm@1.1.4
info using node@v0.6.12
verbose config file /home/marty/.npmrc
verbose config file /usr/etc/npmrc
verbose config file /usr/share/npm/npmrc
silly exec /usr/bin/node "/usr/share/npm/bin/npm-get-uid-gid.js" "nobody" 1000
silly spawning [ '/usr/bin/node',
silly spawning   [ '/usr/share/npm/bin/npm-get-uid-gid.js', 'nobody', 1000 ],
silly spawning   null ]
silly output from getuid/gid {"uid":65534,"gid":1000}
silly output from getuid/gid 
verbose cache add [ '.', null ]
silly cache add: name, spec, args [ undefined, '.', [ '.', null ] ]
verbose parsed url { pathname: '.', path: '.', href: '.' }
verbose caching package.json
verbose loadDefaults newAngularApp@0.0.1
verbose pack /home/marty/workspace/angular
verbose pack /home/marty/workspace/angular /tmp/npm-1404676912966/1404676912966-0.9445004384033382/tmp.tgz
silly makeList /home/marty/workspace/angular
silly dir, dirLen [ '/home/marty/workspace/angular', 30 ]
verbose tarball /tmp/npm-1404676912966/1404676912966-0.9445004384033382/tmp.tgz
verbose parent /home/marty/workspace/angular
verbose mkdir (expected) error ENOENT, no such file or directory '/tmp/npm-1404676912966/1404676912966-0.9445004384033382/___package.npm'
verbose mkdir done: /tmp/npm-1404676912966/1404676912966-0.9445004384033382/___package.npm 755
verbose unpack_ uid, gid [ 1000, 1000 ]
verbose unpackTarget /tmp/npm-1404676912966/1404676912966-0.9445004384033382/package
silly gunzTarPerm modes [ '755', '644' ]
silly afterUntar ok
silly asyncMap in gTP /tmp/npm-1404676912966/1404676912966-0.9445004384033382/___package.npm/angular
silly asyncMap in gTP /tmp/npm-1404676912966/1404676912966-0.9445004384033382/___package.npm/angular/Gruntfile.js
silly asyncMap in gTP /tmp/npm-1404676912966/1404676912966-0.9445004384033382/___package.npm/angular/.npmignore
silly asyncMap in gTP /tmp/npm-1404676912966/1404676912966-0.9445004384033382/___package.npm/angular/package.json
silly asyncMap in gTP /tmp/npm-1404676912966/1404676912966-0.9445004384033382/___package.npm/angular/index.html
silly asyncMap in gTP /tmp/npm-1404676912966/1404676912966-0.9445004384033382/___package.npm/angular/scss
silly asyncMap in gTP /tmp/npm-1404676912966/1404676912966-0.9445004384033382/___package.npm/angular/scss/main.scss
silly chmod Gruntfile.js 644
silly chmod .npmignore 644
silly chmod package.json 644
silly chmod index.html 644
silly chmod scss 755
silly chmod main.scss 644
verbose gunzed /tmp/npm-1404676912966/1404676912966-0.9445004384033382/___package.npm/angular
verbose rm'ed /tmp/npm-1404676912966/1404676912966-0.9445004384033382/package
verbose renamed [ '/tmp/npm-1404676912966/1404676912966-0.9445004384033382/___package.npm/angular',
verbose renamed   '/tmp/npm-1404676912966/1404676912966-0.9445004384033382/package' ]
verbose caching /tmp/npm-1404676912966/1404676912966-0.9445004384033382/package/package.json
verbose loadDefaults newAngularApp@0.0.1
verbose tarball contents [ 'package', 'tmp.tgz' ]
verbose from cache /tmp/npm-1404676912966/1404676912966-0.9445004384033382/package/package.json
verbose pack /tmp/npm-1404676912966/1404676912966-0.9445004384033382/package
verbose pack /tmp/npm-1404676912966/1404676912966-0.9445004384033382/package /home/marty/.npm/newAngularApp/0.0.1/package.tgz
silly makeList /tmp/npm-1404676912966/1404676912966-0.9445004384033382/package
silly dir, dirLen [ '/tmp/npm-1404676912966/1404676912966-0.9445004384033382/package',
silly dir, dirLen   64 ]
verbose tarball /home/marty/.npm/newAngularApp/0.0.1/package.tgz
verbose parent /tmp/npm-1404676912966/1404676912966-0.9445004384033382/package
verbose mkdir (expected) error ENOENT, no such file or directory '/home/marty/.npm/newAngularApp/0.0.1/___package.npm'
verbose mkdir done: /home/marty/.npm/newAngularApp/0.0.1/___package.npm 755
verbose unpack_ uid, gid [ 1000, 1000 ]
verbose unpackTarget /home/marty/.npm/newAngularApp/0.0.1/package
silly gunzTarPerm modes [ '755', '644' ]
silly afterUntar ok
silly asyncMap in gTP /home/marty/.npm/newAngularApp/0.0.1/___package.npm/package
silly asyncMap in gTP /home/marty/.npm/newAngularApp/0.0.1/___package.npm/package/index.html
silly asyncMap in gTP /home/marty/.npm/newAngularApp/0.0.1/___package.npm/package/package.json
silly asyncMap in gTP /home/marty/.npm/newAngularApp/0.0.1/___package.npm/package/.npmignore
silly asyncMap in gTP /home/marty/.npm/newAngularApp/0.0.1/___package.npm/package/Gruntfile.js
silly asyncMap in gTP /home/marty/.npm/newAngularApp/0.0.1/___package.npm/package/scss
silly asyncMap in gTP /home/marty/.npm/newAngularApp/0.0.1/___package.npm/package/scss/main.scss
verbose gunzed /home/marty/.npm/newAngularApp/0.0.1/___package.npm/package
verbose rm'ed /home/marty/.npm/newAngularApp/0.0.1/package
verbose renamed [ '/home/marty/.npm/newAngularApp/0.0.1/___package.npm/package',
verbose renamed   '/home/marty/.npm/newAngularApp/0.0.1/package' ]
verbose caching /home/marty/.npm/newAngularApp/0.0.1/package/package.json
verbose loadDefaults newAngularApp@0.0.1
silly updated sha bytes 1246
info shasum 488bc3c7fbc6324c98a0f8564e7774edf5b954fc
info shasum /home/marty/.npm/newAngularApp/0.0.1/package.tgz
verbose from cache /home/marty/.npm/newAngularApp/0.0.1/package/package.json
verbose chmod /home/marty/.npm/newAngularApp/0.0.1/package.tgz 644
verbose chown [ '/home/marty/.npm/newAngularApp/0.0.1/package.tgz',
verbose chown   1000,
verbose chown   1000 ]
silly resolved [ { name: 'newAngularApp',
silly resolved     version: '0.0.1',
silly resolved     main: 'index.js',
silly resolved     dependencies: { grunt: '~0.4.5' },
silly resolved     devDependencies: 
silly resolved      { grunt: '^0.4.5',
silly resolved        'grunt-contrib-sass': '^0.7.3',
silly resolved        'grunt-contrib-watch': '^0.6.1' },
silly resolved     _id: 'newAngularApp@0.0.1',
silly resolved     optionalDependencies: {},
silly resolved     engines: { node: '*' },
silly resolved     _engineSupported: true,
silly resolved     _npmVersion: '1.1.4',
silly resolved     _nodeVersion: 'v0.6.12',
silly resolved     _defaultsLoaded: true,
silly resolved     dist: { shasum: '488bc3c7fbc6324c98a0f8564e7774edf5b954fc' },
silly resolved     _from: '.',
silly resolved     scripts: {} } ]
info into /usr/local/lib newAngularApp@0.0.1
info installOne newAngularApp@0.0.1
verbose from cache /home/marty/.npm/newAngularApp/0.0.1/package/package.json
info unbuild /usr/local/lib/node_modules/newAngularApp
verbose mkdir (expected) error ENOENT, no such file or directory '/usr/local/lib/node_modules/___newAngularApp.npm'
verbose mkdir done: /usr/local/lib/node_modules/___newAngularApp.npm 755
verbose unpack_ uid, gid [ 65534, 1000 ]
verbose unpackTarget /usr/local/lib/node_modules/newAngularApp
silly gunzTarPerm modes [ '755', '644' ]
silly afterUntar ok
silly asyncMap in gTP /usr/local/lib/node_modules/___newAngularApp.npm/package
silly asyncMap in gTP /usr/local/lib/node_modules/___newAngularApp.npm/package/index.html
silly asyncMap in gTP /usr/local/lib/node_modules/___newAngularApp.npm/package/package.json
silly asyncMap in gTP /usr/local/lib/node_modules/___newAngularApp.npm/package/.npmignore
silly asyncMap in gTP /usr/local/lib/node_modules/___newAngularApp.npm/package/Gruntfile.js
silly asyncMap in gTP /usr/local/lib/node_modules/___newAngularApp.npm/package/scss
silly asyncMap in gTP /usr/local/lib/node_modules/___newAngularApp.npm/package/scss/main.scss
verbose gunzed /usr/local/lib/node_modules/___newAngularApp.npm/package
verbose rm'ed /usr/local/lib/node_modules/newAngularApp
verbose renamed [ '/usr/local/lib/node_modules/___newAngularApp.npm/package',
verbose renamed   '/usr/local/lib/node_modules/newAngularApp' ]
verbose caching /usr/local/lib/node_modules/newAngularApp/package.json
verbose loadDefaults newAngularApp@0.0.1
info preinstall newAngularApp@0.0.1
verbose from cache /usr/local/lib/node_modules/newAngularApp/package.json
verbose readDependencies: using package.json deps
verbose from cache /usr/local/lib/node_modules/newAngularApp/package.json
verbose readDependencies: using package.json deps
verbose cache add [ 'grunt@~0.4.5', null ]
silly cache add: name, spec, args [ undefined, 'grunt@~0.4.5', [ 'grunt@~0.4.5', null ] ]
verbose parsed url { pathname: 'grunt@~0.4.5',
verbose parsed url   path: 'grunt@~0.4.5',
verbose parsed url   href: 'grunt@~0.4.5' }
silly cache add: name, spec, args [ 'grunt', '~0.4.5', [ 'grunt', '~0.4.5' ] ]
verbose parsed url { pathname: '~0.4.5', path: '~0.4.5', href: '~0.4.5' }
verbose addNamed [ 'grunt', '~0.4.5' ]
verbose addNamed [ null, '>=0.4.5- <0.5.0-' ]
silly name, range, hasData [ 'grunt', '>=0.4.5- <0.5.0-', false ]
verbose raw, before any munging grunt
verbose url resolving [ 'http://registry.npmjs.org/', './grunt' ]
verbose url resolved http://registry.npmjs.org/grunt
http GET http://registry.npmjs.org/grunt
http 200 http://registry.npmjs.org/grunt
silly get cb [ 200,
silly get cb   { server: 'CouchDB/1.5.0 (Erlang OTP/R16B03)',
silly get cb     etag: '"1XTWCC7K7R4LFRGZ1B27U5E3P"',
silly get cb     'content-type': 'application/json',
silly get cb     'cache-control': 'max-age=30',
silly get cb     'content-length': '85875',
silly get cb     'accept-ranges': 'bytes',
silly get cb     date: 'Sun, 06 Jul 2014 20:01:54 GMT',
silly get cb     via: '1.1 varnish',
silly get cb     age: '1396',
silly get cb     connection: 'keep-alive',
silly get cb     'x-served-by': 'cache-iad2121-IAD',
silly get cb     'x-cache': 'HIT',
silly get cb     'x-cache-hits': '1',
silly get cb     'x-timer': 'S1404676914.415403,VS0,VE82',
silly get cb     vary: 'Accept' } ]
verbose mkdir (expected) error ENOENT, no such file or directory '/home/marty/.npm/grunt'
verbose mkdir done: /home/marty/.npm/grunt 755
silly name, range, hasData 2 [ 'grunt', '>=0.4.5- <0.5.0-', true ]
silly versions [ 'grunt',
silly versions   [ '0.1.0',
silly versions     '0.1.1',
silly versions     '0.1.2',
silly versions     '0.2.0',
silly versions     '0.2.1',
silly versions     '0.2.2',
silly versions     '0.2.3',
silly versions     '0.2.4',
silly versions     '0.2.5',
silly versions     '0.2.6',
silly versions     '0.2.7',
silly versions     '0.2.8',
silly versions     '0.2.9',
silly versions     '0.2.10',
silly versions     '0.2.11',
silly versions     '0.2.12',
silly versions     '0.2.13',
silly versions     '0.2.14',
silly versions     '0.2.15',
silly versions     '0.3.0',
silly versions     '0.3.1',
silly versions     '0.3.2',
silly versions     '0.3.3',
silly versions     '0.3.4',
silly versions     '0.3.5',
silly versions     '0.3.6',
silly versions     '0.3.7',
silly versions     '0.3.8',
silly versions     '0.3.9',
silly versions     '0.3.10',
silly versions     '0.3.11',
silly versions     '0.3.12',
silly versions     '0.3.13',
silly versions     '0.3.14',
silly versions     '0.3.15',
silly versions     '0.3.16',
silly versions     '0.3.17',
silly versions     '0.3.13-a' ] ]
verbose about to build /usr/local/lib/node_modules/newAngularApp
ERR! error installing newAngularApp@0.0.1
info unbuild /usr/local/lib/node_modules/newAngularApp
verbose from cache /usr/local/lib/node_modules/newAngularApp/package.json
info preuninstall newAngularApp@0.0.1
info uninstall newAngularApp@0.0.1
verbose unbuild newAngularApp@0.0.1 [ true,
verbose unbuild newAngularApp@0.0.1   '/usr/local/lib/node_modules',
verbose unbuild newAngularApp@0.0.1   '/usr/local/lib/node_modules' ]
info postuninstall newAngularApp@0.0.1
verbose installOne cb newAngularApp@0.0.1
ERR! Error: No compatible version found: grunt@'>=0.4.5- <0.5.0-'
ERR! Valid install targets:
ERR! ["0.1.0","0.1.1","0.1.2","0.2.0","0.2.1","0.2.2","0.2.3","0.2.4","0.2.5","0.2.6","0.2.7","0.2.8","0.2.9","0.2.10","0.2.11","0.2.12","0.2.13","0.2.14","0.2.15","0.3.0","0.3.1","0.3.2","0.3.3","0.3.4","0.3.5","0.3.6","0.3.7","0.3.8","0.3.9","0.3.10","0.3.11","0.3.12","0.3.13","0.3.14","0.3.15","0.3.16","0.3.17","0.3.13-a"]
ERR!     at installTargetsError (/usr/share/npm/lib/cache.js:488:10)
ERR!     at next_ (/usr/share/npm/lib/cache.js:438:17)
ERR!     at next (/usr/share/npm/lib/cache.js:415:44)
ERR!     at /usr/share/npm/lib/cache.js:408:5
ERR!     at saved (/usr/share/npm/lib/utils/npm-registry-client/get.js:147:7)
ERR!     at Object.oncomplete (/usr/lib/nodejs/graceful-fs.js:230:7)
ERR! You may report this log at:
ERR!     <http://bugs.debian.org/npm>
ERR! or use
ERR!     reportbug --attach /home/marty/workspace/angular/npm-debug.log npm
ERR! 
ERR! System Linux 3.8.11
ERR! command "node" "/usr/bin/npm" "install" "-g"
ERR! cwd /home/marty/workspace/angular
ERR! node -v v0.6.12
ERR! npm -v 1.1.4
ERR! message No compatible version found: grunt@'>=0.4.5- <0.5.0-'
ERR! message Valid install targets:
ERR! message ["0.1.0","0.1.1","0.1.2","0.2.0","0.2.1","0.2.2","0.2.3","0.2.4","0.2.5","0.2.6","0.2.7","0.2.8","0.2.9","0.2.10","0.2.11","0.2.12","0.2.13","0.2.14","0.2.15","0.3.0","0.3.1","0.3.2","0.3.3","0.3.4","0.3.5","0.3.6","0.3.7","0.3.8","0.3.9","0.3.10","0.3.11","0.3.12","0.3.13","0.3.14","0.3.15","0.3.16","0.3.17","0.3.13-a"]
verbose exit [ 1, true ]
